[debug] [2020-09-28T19:19:13.537Z] ----------------------------------------------------------------------
[debug] [2020-09-28T19:19:13.539Z] Command:       C:\Program Files\nodejs\node.exe C:\Users\Goodluck\AppData\Roaming\npm\node_modules\firebase-tools\lib\bin\firebase.js init
[debug] [2020-09-28T19:19:13.540Z] CLI Version:   7.1.1
[debug] [2020-09-28T19:19:13.540Z] Platform:      win32
[debug] [2020-09-28T19:19:13.540Z] Node Version:  v10.15.3
[debug] [2020-09-28T19:19:13.541Z] Time:          Mon Sep 28 2020 20:19:13 GMT+0100 (West Africa Standard Time)
[debug] [2020-09-28T19:19:13.541Z] ----------------------------------------------------------------------
[debug] 
[debug] [2020-09-28T19:19:13.554Z] > command requires scopes: ["email","openid","https://www.googleapis.com/auth/cloudplatformprojects.readonly","https://www.googleapis.com/auth/firebase","https://www.googleapis.com/auth/cloud-platform"]
[debug] [2020-09-28T19:19:13.554Z] > authorizing via signed-in user
[info] 
     ######## #### ########  ######## ########     ###     ######  ########
     ##        ##  ##     ## ##       ##     ##  ##   ##  ##       ##
     ######    ##  ########  ######   ########  #########  ######  ######
     ##        ##  ##    ##  ##       ##     ## ##     ##       ## ##
     ##       #### ##     ## ######## ########  ##     ##  ######  ########

You're about to initialize a Firebase project in this directory:

  C:\devs\google-clone

Before we get started, keep in mind:

  * You are currently outside your home directory

